Traceback (most recent call last):
  File "/opt/conda/lib/python3.9/site-packages/jupyter_cache/executors/utils.py", line 58, in single_nb_execution
    executenb(
  File "/opt/conda/lib/python3.9/site-packages/nbclient/client.py", line 1204, in execute
    return NotebookClient(nb=nb, resources=resources, km=km, **kwargs).execute()
  File "/opt/conda/lib/python3.9/site-packages/nbclient/util.py", line 84, in wrapped
    return just_run(coro(*args, **kwargs))
  File "/opt/conda/lib/python3.9/site-packages/nbclient/util.py", line 62, in just_run
    return loop.run_until_complete(coro)
  File "/opt/conda/lib/python3.9/asyncio/base_events.py", line 647, in run_until_complete
    return future.result()
  File "/opt/conda/lib/python3.9/site-packages/nbclient/client.py", line 663, in async_execute
    await self.async_execute_cell(
  File "/opt/conda/lib/python3.9/site-packages/nbclient/client.py", line 965, in async_execute_cell
    await self._check_raise_for_error(cell, cell_index, exec_reply)
  File "/opt/conda/lib/python3.9/site-packages/nbclient/client.py", line 862, in _check_raise_for_error
    raise CellExecutionError.from_cell_and_msg(cell, exec_reply_content)
nbclient.exceptions.CellExecutionError: An error occurred while executing the following cell:
------------------
md=displayBytes(bytes=[[i] for i in range(256)], 
             td_font_size=".5em", th_font_size=".7em", 
             center=True,disp=False)
#use a MDBox to force height controll and place floating title
display(Markdown(
    MDBox(md, 
          title='<center id="table:allbytevals" style="font-size:.8em">Table of all <em>2<sup>8</sup> = 256</em> possible binary byte values.</center>', 
          h="10em")
  )
)
------------------

[0;31m---------------------------------------------------------------------------[0m
[0;31mAttributeError[0m                            Traceback (most recent call last)
Cell [0;32mIn[3], line 1[0m
[0;32m----> 1[0m md[38;5;241m=[39m[43mdisplayBytes[49m[43m([49m[38;5;28;43mbytes[39;49m[38;5;241;43m=[39;49m[43m[[49m[43m[[49m[43mi[49m[43m][49m[43m [49m[38;5;28;43;01mfor[39;49;00m[43m [49m[43mi[49m[43m [49m[38;5;129;43;01min[39;49;00m[43m [49m[38;5;28;43mrange[39;49m[43m([49m[38;5;241;43m256[39;49m[43m)[49m[43m][49m[43m,[49m[43m [49m
[1;32m      2[0m [43m             [49m[43mtd_font_size[49m[38;5;241;43m=[39;49m[38;5;124;43m"[39;49m[38;5;124;43m.5em[39;49m[38;5;124;43m"[39;49m[43m,[49m[43m [49m[43mth_font_size[49m[38;5;241;43m=[39;49m[38;5;124;43m"[39;49m[38;5;124;43m.7em[39;49m[38;5;124;43m"[39;49m[43m,[49m[43m [49m
[1;32m      3[0m [43m             [49m[43mcenter[49m[38;5;241;43m=[39;49m[38;5;28;43;01mTrue[39;49;00m[43m,[49m[43mdisp[49m[38;5;241;43m=[39;49m[38;5;28;43;01mFalse[39;49;00m[43m)[49m
[1;32m      4[0m [38;5;66;03m#use a MDBox to force height controll and place floating title[39;00m
[1;32m      5[0m display(Markdown(
[1;32m      6[0m     MDBox(md, 
[1;32m      7[0m           title[38;5;241m=[39m[38;5;124m'[39m[38;5;124m<center id=[39m[38;5;124m"[39m[38;5;124mtable:allbytevals[39m[38;5;124m"[39m[38;5;124m style=[39m[38;5;124m"[39m[38;5;124mfont-size:.8em[39m[38;5;124m"[39m[38;5;124m>Table of all <em>2<sup>8</sup> = 256</em> possible binary byte values.</center>[39m[38;5;124m'[39m, 
[1;32m      8[0m           h[38;5;241m=[39m[38;5;124m"[39m[38;5;124m10em[39m[38;5;124m"[39m)
[1;32m      9[0m   )
[1;32m     10[0m )

File [0;32m/opt/app-root/src/under-the-covers-jm/content/python/common.py:369[0m, in [0;36mdisplayBytes[0;34m(bytes, labels, labelstitle, prefixvalues, prefixcolumns, numbits, dtype, columns, center, th_font_size, th_border_color, th_hover_border_color, td_font_size, td_height, border_color, tr_hover_bgcolor, tr_hover_border_color, td_hover_bgcolor, td_hover_color, disp, prehtml, posthtml)[0m
[1;32m    367[0m [38;5;66;03m# if no row labels hide them[39;00m
[1;32m    368[0m [38;5;28;01mif[39;00m ([38;5;28mlen[39m(labels)[38;5;241m==[39m[38;5;241m0[39m):
[0;32m--> 369[0m     [43mbody[49m[38;5;241;43m.[39;49m[43mhide_index[49m()
[1;32m    370[0m [38;5;66;03m# if no column labels hide them [39;00m
[1;32m    371[0m [38;5;28;01mif[39;00m ([38;5;28mlen[39m(columns)[38;5;241m==[39m[38;5;241m0[39m):

[0;31mAttributeError[0m: 'Styler' object has no attribute 'hide_index'
AttributeError: 'Styler' object has no attribute 'hide_index'

